
> Task :compileJava FAILED
FAILURE: Build failed with an exception.

* What went wrong:
Execution failed for task ':compileJava'.
> java.lang.ExceptionInInitializerError

* Try:
> Run with --info or --debug option to get more log output.
> Run with --scan to generate a Build Scan (powered by Develocity).
> Get more help at https://help.gradle.org.

* Exception is:
org.gradle.api.tasks.TaskExecutionException: Execution failed for task ':compileJava'.
	at org.gradle.api.internal.tasks.execution.ExecuteActionsTaskExecuter.lambda$executeIfValid$1(ExecuteActionsTaskExecuter.java:135)
	at org.gradle.internal.Try$Failure.ifSuccessfulOrElse(Try.java:288)
	at org.gradle.api.internal.tasks.execution.ExecuteActionsTaskExecuter.executeIfValid(ExecuteActionsTaskExecuter.java:133)
	at org.gradle.api.internal.tasks.execution.ExecuteActionsTaskExecuter.execute(ExecuteActionsTaskExecuter.java:121)
	at org.gradle.api.internal.tasks.execution.ProblemsTaskPathTrackingTaskExecuter.execute(ProblemsTaskPathTrackingTaskExecuter.java:41)
	at org.gradle.api.internal.tasks.execution.FinalizePropertiesTaskExecuter.execute(FinalizePropertiesTaskExecuter.java:46)
	at org.gradle.api.internal.tasks.execution.ResolveTaskExecutionModeExecuter.execute(ResolveTaskExecutionModeExecuter.java:51)
	at org.gradle.api.internal.tasks.execution.SkipTaskWithNoActionsExecuter.execute(SkipTaskWithNoActionsExecuter.java:57)
	at org.gradle.api.internal.tasks.execution.SkipOnlyIfTaskExecuter.execute(SkipOnlyIfTaskExecuter.java:74)
	at org.gradle.api.internal.tasks.execution.CatchExceptionTaskExecuter.execute(CatchExceptionTaskExecuter.java:36)
	at org.gradle.api.internal.tasks.execution.EventFiringTaskExecuter$1.executeTask(EventFiringTaskExecuter.java:77)
	at org.gradle.api.internal.tasks.execution.EventFiringTaskExecuter$1.call(EventFiringTaskExecuter.java:55)
	at org.gradle.api.internal.tasks.execution.EventFiringTaskExecuter$1.call(EventFiringTaskExecuter.java:52)
	at org.gradle.internal.operations.DefaultBuildOperationRunner$CallableBuildOperationWorker.execute(DefaultBuildOperationRunner.java:209)
	at org.gradle.internal.operations.DefaultBuildOperationRunner$CallableBuildOperationWorker.execute(DefaultBuildOperationRunner.java:204)
	at org.gradle.internal.operations.DefaultBuildOperationRunner$2.execute(DefaultBuildOperationRunner.java:66)
	at org.gradle.internal.operations.DefaultBuildOperationRunner$2.execute(DefaultBuildOperationRunner.java:59)
	at org.gradle.internal.operations.DefaultBuildOperationRunner.execute(DefaultBuildOperationRunner.java:166)
	at org.gradle.internal.operations.DefaultBuildOperationRunner.execute(DefaultBuildOperationRunner.java:59)
	at org.gradle.internal.operations.DefaultBuildOperationRunner.call(DefaultBuildOperationRunner.java:53)
	at org.gradle.api.internal.tasks.execution.EventFiringTaskExecuter.execute(EventFiringTaskExecuter.java:52)
	at org.gradle.execution.plan.DefaultNodeExecutor.executeLocalTaskNode(DefaultNodeExecutor.java:55)
	at org.gradle.execution.plan.DefaultNodeExecutor.execute(DefaultNodeExecutor.java:34)
	at org.gradle.execution.taskgraph.DefaultTaskExecutionGraph$InvokeNodeExecutorsAction.execute(DefaultTaskExecutionGraph.java:355)
	at org.gradle.execution.taskgraph.DefaultTaskExecutionGraph$InvokeNodeExecutorsAction.execute(DefaultTaskExecutionGraph.java:343)
	at org.gradle.execution.taskgraph.DefaultTaskExecutionGraph$BuildOperationAwareExecutionAction.lambda$execute$0(DefaultTaskExecutionGraph.java:339)
	at org.gradle.internal.operations.CurrentBuildOperationRef.with(CurrentBuildOperationRef.java:84)
	at org.gradle.execution.taskgraph.DefaultTaskExecutionGraph$BuildOperationAwareExecutionAction.execute(DefaultTaskExecutionGraph.java:339)
	at org.gradle.execution.taskgraph.DefaultTaskExecutionGraph$BuildOperationAwareExecutionAction.execute(DefaultTaskExecutionGraph.java:328)
	at org.gradle.execution.plan.DefaultPlanExecutor$ExecutorWorker.execute(DefaultPlanExecutor.java:459)
	at org.gradle.execution.plan.DefaultPlanExecutor$ExecutorWorker.run(DefaultPlanExecutor.java:376)
	at org.gradle.internal.concurrent.ExecutorPolicy$CatchAndRecordFailures.onExecute(ExecutorPolicy.java:64)
	at org.gradle.internal.concurrent.AbstractManagedExecutor$1.run(AbstractManagedExecutor.java:47)
Caused by: java.lang.RuntimeException: java.lang.ExceptionInInitializerError
	at org.gradle.internal.compiler.java.IncrementalCompileTask.call(IncrementalCompileTask.java:92)
	at org.gradle.api.internal.tasks.compile.AnnotationProcessingCompileTask.call(AnnotationProcessingCompileTask.java:94)
	at org.gradle.api.internal.tasks.compile.ResourceCleaningCompilationTask.call(ResourceCleaningCompilationTask.java:57)
	at org.gradle.api.internal.tasks.compile.JdkJavaCompiler.execute(JdkJavaCompiler.java:83)
	at org.gradle.api.internal.tasks.compile.JdkJavaCompiler.execute(JdkJavaCompiler.java:50)
	at org.gradle.api.internal.tasks.compile.daemon.AbstractIsolatedCompilerWorkerExecutor$CompilerWorkAction.execute(AbstractIsolatedCompilerWorkerExecutor.java:79)
	at org.gradle.workers.internal.DefaultWorkerServer.execute(DefaultWorkerServer.java:68)
	at org.gradle.workers.internal.AbstractClassLoaderWorker$1.create(AbstractClassLoaderWorker.java:54)
	at org.gradle.workers.internal.AbstractClassLoaderWorker$1.create(AbstractClassLoaderWorker.java:48)
	at org.gradle.internal.classloader.ClassLoaderUtils.executeInClassloader(ClassLoaderUtils.java:100)
	at org.gradle.workers.internal.AbstractClassLoaderWorker.executeInClassLoader(AbstractClassLoaderWorker.java:48)
	at org.gradle.workers.internal.FlatClassLoaderWorker.run(FlatClassLoaderWorker.java:32)
	at org.gradle.workers.internal.FlatClassLoaderWorker.run(FlatClassLoaderWorker.java:22)
	at org.gradle.workers.internal.WorkerDaemonServer.run(WorkerDaemonServer.java:109)
	at org.gradle.workers.internal.WorkerDaemonServer.run(WorkerDaemonServer.java:78)
	at org.gradle.process.internal.worker.request.WorkerAction.lambda$run$1(WorkerAction.java:150)
	at org.gradle.process.internal.worker.child.WorkerLogEventListener.withWorkerLoggingProtocol(WorkerLogEventListener.java:41)
	at org.gradle.process.internal.worker.request.WorkerAction.lambda$run$2(WorkerAction.java:150)
	at org.gradle.internal.operations.CurrentBuildOperationRef.with(CurrentBuildOperationRef.java:84)
	at org.gradle.process.internal.worker.request.WorkerAction.run(WorkerAction.java:142)
	at org.gradle.internal.dispatch.MethodInvocation.invokeOn(MethodInvocation.java:77)
	at org.gradle.internal.dispatch.ReflectionDispatch.dispatch(ReflectionDispatch.java:28)
	at org.gradle.internal.dispatch.ReflectionDispatch.dispatch(ReflectionDispatch.java:19)
	at org.gradle.internal.remote.internal.hub.MessageHubBackedObjectConnection$DispatchWrapper.dispatch(MessageHubBackedObjectConnection.java:182)
	at org.gradle.internal.remote.internal.hub.MessageHubBackedObjectConnection$DispatchWrapper.dispatch(MessageHubBackedObjectConnection.java:164)
	at org.gradle.internal.remote.internal.hub.MessageHub$Handler.run(MessageHub.java:414)
	at org.gradle.internal.concurrent.ExecutorPolicy$CatchAndRecordFailures.onExecute(ExecutorPolicy.java:64)
	at org.gradle.internal.concurrent.AbstractManagedExecutor$1.run(AbstractManagedExecutor.java:47)
Caused by: java.lang.ExceptionInInitializerError
	at lombok.javac.apt.LombokProcessor.placePostCompileAndDontMakeForceRoundDummiesHook(LombokProcessor.java:174)
	at lombok.javac.apt.LombokProcessor.init(LombokProcessor.java:96)
	at lombok.core.AnnotationProcessor$JavacDescriptor.want(AnnotationProcessor.java:160)
	at lombok.core.AnnotationProcessor.init(AnnotationProcessor.java:213)
	at lombok.launch.AnnotationProcessorHider$AnnotationProcessor.init(AnnotationProcessor.java:64)
	at org.gradle.api.internal.tasks.compile.processing.DelegatingProcessor.init(DelegatingProcessor.java:57)
	at org.gradle.api.internal.tasks.compile.processing.IsolatingProcessor.init(IsolatingProcessor.java:44)
	at org.gradle.api.internal.tasks.compile.processing.DelegatingProcessor.init(DelegatingProcessor.java:57)
	at org.gradle.api.internal.tasks.compile.processing.TimeTrackingProcessor.access$301(TimeTrackingProcessor.java:38)
	at org.gradle.api.internal.tasks.compile.processing.TimeTrackingProcessor$4.create(TimeTrackingProcessor.java:89)
	at org.gradle.api.internal.tasks.compile.processing.TimeTrackingProcessor$4.create(TimeTrackingProcessor.java:86)
	at org.gradle.api.internal.tasks.compile.processing.TimeTrackingProcessor.track(TimeTrackingProcessor.java:118)
	at org.gradle.api.internal.tasks.compile.processing.TimeTrackingProcessor.init(TimeTrackingProcessor.java:86)
	... 28 more
Caused by: java.lang.NoSuchFieldException: com.sun.tools.javac.code.TypeTag :: UNKNOWN
	at lombok.permit.Permit.getField(Permit.java:144)
	at lombok.javac.JavacTreeMaker$SchroedingerType.getFieldCached(JavacTreeMaker.java:171)
	at lombok.javac.JavacTreeMaker$TypeTag.typeTag(JavacTreeMaker.java:259)
	at lombok.javac.Javac.<clinit>(Javac.java:187)
	... 41 more


BUILD FAILED in 1s
1 actionable task: 1 executed
